<?xml version="1.0" encoding="UTF-8"?>
<testng-results skipped="0" failed="0" ignored="0" total="1" passed="1">
  <reporter-output>
  </reporter-output>
  <suite name="Surefire suite" duration-ms="293" started-at="2021-06-16T08:57:33Z" finished-at="2021-06-16T08:57:33Z">
    <groups>
    </groups>
    <test name="Surefire test" duration-ms="293" started-at="2021-06-16T08:57:33Z" finished-at="2021-06-16T08:57:33Z">
      <class name="Test1">
        <test-method status="PASS" signature="test1()[pri:0, instance:Test1@57abad67]" name="test1" duration-ms="105" started-at="2021-06-16T11:57:33Z" finished-at="2021-06-16T11:57:33Z">
          <reporter-output>
          </reporter-output>
        </test-method> <!-- test1 -->
      </class> <!-- Test1 -->
    </test> <!-- Surefire test -->
  </suite> <!-- Surefire suite -->
</testng-results>
